INFO  09:34:52 Application started. Press Ctrl+C to shut down.
INFO  09:34:52 Application started. Press Ctrl+C to shut down.
INFO  09:34:52 Hosting environment: Development
INFO  09:34:52 Hosting environment: Development
INFO  09:34:52 Content root path: C:\Users\Devi\Source\Repos\ProceedToBuyService
INFO  09:34:52 Content root path: C:\Users\Devi\Source\Repos\ProceedToBuyService
INFO  09:35:14 Add to Cart method initiated
INFO  09:35:14 Add To Cart Repository initiated
INFO  09:35:14 Item Added to Cart
INFO  09:35:14 Add Cart provider Called
INFO  09:35:29 Add to WishList method initiated
INFO  09:35:29 Add To Wishlist Provider called
INFO  09:35:29 Add To Wishlist Repository initiated
INFO  09:35:29 Item Added to Wishlist
INFO  09:35:42 Add to WishList method initiated
INFO  09:35:42 Add To Wishlist Provider called
INFO  09:35:42 Add To Wishlist Repository initiated
INFO  09:35:42 Item Added to Wishlist
INFO  04:09:09 Application started. Press Ctrl+C to shut down.
INFO  04:09:09 Application started. Press Ctrl+C to shut down.
INFO  04:09:09 Hosting environment: Development
INFO  04:09:09 Hosting environment: Development
INFO  04:09:09 Content root path: C:\Users\Devi\Source\Repos\ProceedToBuyService
INFO  04:09:09 Content root path: C:\Users\Devi\Source\Repos\ProceedToBuyService
INFO  04:09:31 Add to Cart method initiated
INFO  04:09:31 Add To Cart Provider initiated
INFO  04:29:31 Application started. Press Ctrl+C to shut down.
INFO  04:29:31 Application started. Press Ctrl+C to shut down.
INFO  04:29:31 Hosting environment: Development
INFO  04:29:31 Hosting environment: Development
INFO  04:29:31 Content root path: C:\Users\Devi\Source\Repos\ProceedToBuyService
INFO  04:29:31 Content root path: C:\Users\Devi\Source\Repos\ProceedToBuyService
INFO  04:31:08 Add to Cart method initiated
INFO  04:31:08 Add To Cart Provider initiated
INFO  04:33:53 Application started. Press Ctrl+C to shut down.
INFO  04:33:53 Application started. Press Ctrl+C to shut down.
INFO  04:33:53 Hosting environment: Development
INFO  04:33:53 Hosting environment: Development
INFO  04:33:53 Content root path: C:\Users\Devi\Source\Repos\ProceedToBuyService
INFO  04:33:53 Content root path: C:\Users\Devi\Source\Repos\ProceedToBuyService
INFO  04:34:14 Add to Cart method initiated
INFO  04:34:14 Add To Cart Provider initiated
INFO  04:34:54 Added to Cart
